[0.010s] Invoking command in '/home/vijai/anr/build/articubot_one': CMAKE_PREFIX_PATH=${CMAKE_PREFIX_PATH}:/home/vijai/ros2_ws/install/my_robot_controller:/opt/ros/humble /usr/bin/cmake --build /home/vijai/anr/build/articubot_one -- -j12 -l12
[0.041s] Invoked command in '/home/vijai/anr/build/articubot_one' returned '0': CMAKE_PREFIX_PATH=${CMAKE_PREFIX_PATH}:/home/vijai/ros2_ws/install/my_robot_controller:/opt/ros/humble /usr/bin/cmake --build /home/vijai/anr/build/articubot_one -- -j12 -l12
[0.049s] Invoking command in '/home/vijai/anr/build/articubot_one': CMAKE_PREFIX_PATH=${CMAKE_PREFIX_PATH}:/home/vijai/ros2_ws/install/my_robot_controller:/opt/ros/humble /usr/bin/cmake --install /home/vijai/anr/build/articubot_one
[0.055s] -- Install configuration: ""
[0.055s] -- Execute custom install script
[0.056s] -- Up-to-date symlink: /home/vijai/anr/install/articubot_one/share/articubot_one/config/empty.yaml
[0.056s] -- Up-to-date symlink: /home/vijai/anr/install/articubot_one/share/articubot_one/config/view_bot.rviz
[0.056s] -- Symlinking: /home/vijai/anr/install/articubot_one/share/articubot_one/description/gazebo_control.xacro
[0.063s] -- Up-to-date symlink: /home/vijai/anr/install/articubot_one/share/articubot_one/description/inertial_macros.xacro
[0.064s] -- Up-to-date symlink: /home/vijai/anr/install/articubot_one/share/articubot_one/description/robot.urdf.xacro
[0.064s] -- Up-to-date symlink: /home/vijai/anr/install/articubot_one/share/articubot_one/description/robot_core.xacro
[0.064s] -- Up-to-date symlink: /home/vijai/anr/install/articubot_one/share/articubot_one/launch/launch_sim.launch.py
[0.064s] -- Up-to-date symlink: /home/vijai/anr/install/articubot_one/share/articubot_one/launch/rsp.launch.py
[0.064s] -- Up-to-date symlink: /home/vijai/anr/install/articubot_one/share/articubot_one/worlds/empty.world
[0.064s] -- Up-to-date symlink: /home/vijai/anr/install/articubot_one/share/ament_index/resource_index/package_run_dependencies/articubot_one
[0.065s] -- Up-to-date symlink: /home/vijai/anr/install/articubot_one/share/ament_index/resource_index/parent_prefix_path/articubot_one
[0.065s] -- Up-to-date symlink: /home/vijai/anr/install/articubot_one/share/articubot_one/environment/ament_prefix_path.sh
[0.065s] -- Up-to-date symlink: /home/vijai/anr/install/articubot_one/share/articubot_one/environment/ament_prefix_path.dsv
[0.065s] -- Up-to-date symlink: /home/vijai/anr/install/articubot_one/share/articubot_one/environment/path.sh
[0.065s] -- Up-to-date symlink: /home/vijai/anr/install/articubot_one/share/articubot_one/environment/path.dsv
[0.065s] -- Up-to-date symlink: /home/vijai/anr/install/articubot_one/share/articubot_one/local_setup.bash
[0.065s] -- Up-to-date symlink: /home/vijai/anr/install/articubot_one/share/articubot_one/local_setup.sh
[0.065s] -- Up-to-date symlink: /home/vijai/anr/install/articubot_one/share/articubot_one/local_setup.zsh
[0.065s] -- Up-to-date symlink: /home/vijai/anr/install/articubot_one/share/articubot_one/local_setup.dsv
[0.066s] -- Symlinking: /home/vijai/anr/install/articubot_one/share/articubot_one/package.dsv
[0.072s] -- Up-to-date symlink: /home/vijai/anr/install/articubot_one/share/ament_index/resource_index/packages/articubot_one
[0.073s] -- Up-to-date symlink: /home/vijai/anr/install/articubot_one/share/articubot_one/cmake/articubot_oneConfig.cmake
[0.073s] -- Up-to-date symlink: /home/vijai/anr/install/articubot_one/share/articubot_one/cmake/articubot_oneConfig-version.cmake
[0.073s] -- Up-to-date symlink: /home/vijai/anr/install/articubot_one/share/articubot_one/package.xml
[0.075s] Invoked command in '/home/vijai/anr/build/articubot_one' returned '0': CMAKE_PREFIX_PATH=${CMAKE_PREFIX_PATH}:/home/vijai/ros2_ws/install/my_robot_controller:/opt/ros/humble /usr/bin/cmake --install /home/vijai/anr/build/articubot_one
